<?xml version="1.0" encoding="UTF-8"?>
<!-- Generated by org.testng.reporters.JUnitReportReporter -->
<testsuite skipped="0" hostname="DESKTOP-3OR8M0T" name="RegressionTest.validateTitle" tests="1" failures="0" timestamp="30 Apr 2019 21:36:13 GMT" time="3.953" errors="0">
  <testcase name="validateAppTitle" time="3.953" classname="RegressionTest.validateTitle"/>
</testsuite> <!-- RegressionTest.validateTitle -->
