<?xml version="1.0" encoding="UTF-8"?>
<!-- Generated by org.testng.reporters.JUnitReportReporter -->
<testsuite skipped="0" hostname="DESKTOP-3OR8M0T" name="RegressionTest.validateNavigationBar" tests="1" failures="0" timestamp="30 Apr 2019 21:36:13 GMT" time="0.610" errors="0">
  <testcase name="validateAppNavigationBar" time="0.610" classname="RegressionTest.validateNavigationBar"/>
</testsuite> <!-- RegressionTest.validateNavigationBar -->
