<?xml version="1.0" encoding="UTF-8"?>
<!-- Generated by org.testng.reporters.JUnitReportReporter -->
<testsuite hostname="DESKTOP-3OR8M0T" name="RegressionTest.HomePage" tests="2" failures="0" timestamp="30 Apr 2019 21:15:31 GMT" time="76.801" errors="0">
  <testcase name="basePageNavigation" time="34.928" classname="RegressionTest.HomePage"/>
  <testcase name="basePageNavigation" time="41.873" classname="RegressionTest.HomePage"/>
</testsuite> <!-- RegressionTest.HomePage -->
