<?xml version="1.0" encoding="UTF-8"?>
<!-- Generated by org.testng.reporters.JUnitReportReporter -->
<testsuite skipped="0" hostname="DESKTOP-3OR8M0T" name="RegressionTest.HomePage" tests="2" failures="0" timestamp="30 Apr 2019 21:36:13 GMT" time="105.955" errors="0">
  <testcase name="basePageNavigation" time="48.316" classname="RegressionTest.HomePage"/>
  <testcase name="basePageNavigation" time="57.639" classname="RegressionTest.HomePage"/>
</testsuite> <!-- RegressionTest.HomePage -->
